x = 1
I
x = 2
II
x = 3
III
x = 4
IV
x = 5
V
x = 6
VI
x = 7
VII
x = 8
VIII
x = 9
IX
x = 10
X
x = 11
XI
x = 12
XII
x = 13
XIII
x = 14
XIV
x = 15
XV
x = 16
XVI
x = 17
XVII
x = 18
XVIII
x = 19
XIX
x = 20
XX
x = 21
XXI
x = 22
XXII
x = 23
XXIII
x = 24
XXIV
x = 25
XXV
x = 26
XXVI
x = 27
XXVII
x = 28
XXVIII
x = 29
XXIX
x = 30
XXX
x = 31
XXXI
x = 32
XXXII
x = 33
XXXIII
x = 34
XXXIV
x = 35
XXXV
x = 36
XXXVI
x = 37
XXXVII
x = 38
XXXVIII
x = 39
XXXIX
x = 40
XL
x = 41
XLI
x = 42
XLII
x = 43
XLIII
x = 44
XLIV
x = 45
XLV
x = 46
XLVI
x = 47
XLVII
x = 48
XLVIII
x = 49
XLIX
x = 50
L
x = 51
LI
x = 52
LII
x = 53
LIII
x = 54
LIV
x = 55
LV
x = 56
LVI
x = 57
LVII
x = 58
LVIII
x = 59
LIX
x = 60
LX
x = 61
LXI
x = 62
LXII
x = 63
LXIII
x = 64
LXIV
x = 65
LXV
x = 66
LXVI
x = 67
LXVII
x = 68
LXVIII
x = 69
LXIX
x = 70
LXX
x = 71
LXXI
x = 72
LXXII
x = 73
LXXIII
x = 74
LXXIV
x = 75
LXXV
x = 76
LXXVI
x = 77
LXXVII
x = 78
LXXVIII
x = 79
LXXIX
x = 80
LXXX
x = 81
LXXXI
x = 82
LXXXII
x = 83
LXXXIII
x = 84
LXXXIV
x = 85
LXXXV
x = 86
LXXXVI
x = 87
LXXXVII
x = 88
LXXXVIII
x = 89
LXXXIX
x = 90
XC
x = 91
XCI
x = 92
XCII
x = 93
XCIII
x = 94
XCIV
x = 95
XCV
x = 96
XCVI
x = 97
XCVII
x = 98
XCVIII
x = 99
XCIX
x = 100
CIX
I 141
V 50
X 151
L 50
C 11
